============================= test session starts ==============================
collecting ... collected 22 items

pytest_spmatrix_pub.py::test_spmatrix_create_with_zero_as_default PASSED [  4%]
pytest_spmatrix_pub.py::test_spmatrix_create_with_zero_as_1_0 PASSED     [  9%]
pytest_spmatrix_pub.py::test_spmatrix_is_of_empty_matrix PASSED          [ 13%]
pytest_spmatrix_pub.py::test_spmatrix_is_of_non_matrix_float_1 PASSED    [ 18%]
pytest_spmatrix_pub.py::test_spmatrix_get_of_empty_matrix_with_zero_as_default PASSED [ 22%]
pytest_spmatrix_pub.py::test_spmatrix_get_of_empty_matrix_with_zero_as_2 PASSED [ 27%]
pytest_spmatrix_pub.py::test_spmatrix_copy_of_empty_matrix_with_zero_as_2 PASSED [ 31%]
pytest_spmatrix_pub.py::test_spmatrix_is_after_spmatrix_copy_after_spmatrix_create PASSED [ 36%]
pytest_spmatrix_pub.py::test_spmatrix_value_set_and_spmatrix_value_get PASSED [ 40%]
pytest_spmatrix_pub.py::test_spmatrix_value_get_after_replacing_value_with_spmatrix_value_get PASSED [ 45%]
pytest_spmatrix_pub.py::test_spmatrix_dim_of_empty_matrix PASSED         [ 50%]
pytest_spmatrix_pub.py::test_spmatrix_dim_of_matrix_with_one_element PASSED [ 54%]
pytest_spmatrix_pub.py::test_spmatrix_sparsity_of_m2x2_diagonal_matrix PASSED [ 59%]
pytest_spmatrix_pub.py::test_spmatrix_sparsity_of_matrix_with_1_element_after_element_removal_using_spmatrix_zero_set FAILED [ 63%]
pytest_spmatrix_pub.py::test_spmatrix_str_of_m2x2_diagonal FAILED        [ 68%]
pytest_spmatrix_pub.py::test_spmatrix_row_m2x2_diagonal FAILED           [ 72%]
pytest_spmatrix_pub.py::test_spmatrix_col_m2x2_diagonal FAILED           [ 77%]
pytest_spmatrix_pub.py::test_spmatrix_diagonal_m2x2_diagonal_zero FAILED [ 81%]
pytest_spmatrix_pub.py::test_spmatrix_diagonal_m2x2_anti_diagonal_zero FAILED [ 86%]
pytest_spmatrix_pub.py::test_spmatrix_15 PASSED                          [ 90%]
pytest_spmatrix_pub.py::test_spmatrix_19 PASSED                          [ 95%]
pytest_spmatrix_pub.py::test_spmatrix_34 FAILED                          [100%]

=================================== FAILURES ===================================
/home/dtsd/DTSD/pytest_spmatrix_pub.py:84: assert 1.0 == 0.0
/home/dtsd/DTSD/pytest_spmatrix_pub.py:91: AssertionError: assert None == '12.5 0.0\n0.0 5.0'
/home/dtsd/DTSD/pytest_spmatrix_pub.py:100: assert None == [0.0, {(1, 1): 12.5}]
/home/dtsd/DTSD/pytest_spmatrix_pub.py:109: assert None == [0.0, {(2, 2): 5.0}]
/home/dtsd/DTSD/pytest_spmatrix_pub.py:116: assert None == [0.0, {(1, 1): 12.5, (2, 2): 5.0}]
/home/dtsd/DTSD/pytest_spmatrix_pub.py:124: assert None == [0.0, {}]
/home/dtsd/DTSD/pytest_spmatrix_pub.py:144: assert 10000000 == 1
============================== slowest durations ===============================

(66 durations < 1s hidden.  Use -vv to show these durations.)
========================= 7 failed, 15 passed in 0.01s =========================
