============================= test session starts ==============================
collecting ... collected 46 items

pytest_spmatrix_priv.py::test_spmatrix_01 PASSED                         [  2%]
pytest_spmatrix_priv.py::test_spmatrix_02 FAILED                         [  4%]
pytest_spmatrix_priv.py::test_spmatrix_03 PASSED                         [  6%]
pytest_spmatrix_priv.py::test_spmatrix_04 PASSED                         [  8%]
pytest_spmatrix_priv.py::test_spmatrix_05 FAILED                         [ 10%]
pytest_spmatrix_priv.py::test_spmatrix_06 FAILED                         [ 13%]
pytest_spmatrix_priv.py::test_spmatrix_07 FAILED                         [ 15%]
pytest_spmatrix_priv.py::test_spmatrix_08 FAILED                         [ 17%]
pytest_spmatrix_priv.py::test_spmatrix_09 FAILED                         [ 19%]
pytest_spmatrix_priv.py::test_spmatrix_10 FAILED                         [ 21%]
pytest_spmatrix_priv.py::test_spmatrix_11 FAILED                         [ 23%]
pytest_spmatrix_priv.py::test_spmatrix_12 FAILED                         [ 26%]
pytest_spmatrix_priv.py::test_spmatrix_13 FAILED                         [ 28%]
pytest_spmatrix_priv.py::test_spmatrix_14 PASSED                         [ 30%]
pytest_spmatrix_priv.py::test_spmatrix_15 PASSED                         [ 32%]
pytest_spmatrix_priv.py::test_spmatrix_16 PASSED                         [ 34%]
pytest_spmatrix_priv.py::test_spmatrix_17 PASSED                         [ 36%]
pytest_spmatrix_priv.py::test_spmatrix_18 PASSED                         [ 39%]
pytest_spmatrix_priv.py::test_spmatrix_19 PASSED                         [ 41%]
pytest_spmatrix_priv.py::test_spmatrix_20 FAILED                         [ 43%]
pytest_spmatrix_priv.py::test_spmatrix_21 FAILED                         [ 45%]
pytest_spmatrix_priv.py::test_spmatrix_22 PASSED                         [ 47%]
pytest_spmatrix_priv.py::test_spmatrix_23 PASSED                         [ 50%]
pytest_spmatrix_priv.py::test_spmatrix_24 PASSED                         [ 52%]
pytest_spmatrix_priv.py::test_spmatrix_25 PASSED                         [ 54%]
pytest_spmatrix_priv.py::test_spmatrix_26 PASSED                         [ 56%]
pytest_spmatrix_priv.py::test_spmatrix_27 FAILED                         [ 58%]
pytest_spmatrix_priv.py::test_spmatrix_28 FAILED                         [ 60%]
pytest_spmatrix_priv.py::test_spmatrix_29 PASSED                         [ 63%]
pytest_spmatrix_priv.py::test_spmatrix_30 PASSED                         [ 65%]
pytest_spmatrix_priv.py::test_spmatrix_31 PASSED                         [ 67%]
pytest_spmatrix_priv.py::test_spmatrix_32 FAILED                         [ 69%]
pytest_spmatrix_priv.py::test_spmatrix_33 FAILED                         [ 71%]
pytest_spmatrix_priv.py::test_spmatrix_34 FAILED                         [ 73%]
pytest_spmatrix_priv.py::test_spmatrix_35 FAILED                         [ 76%]
pytest_spmatrix_priv.py::test_spmatrix_36 PASSED                         [ 78%]
pytest_spmatrix_priv.py::test_spmatrix_37 FAILED                         [ 80%]
pytest_spmatrix_priv.py::test_spmatrix_38 FAILED                         [ 82%]
pytest_spmatrix_priv.py::test_spmatrix_39 FAILED                         [ 84%]
pytest_spmatrix_priv.py::test_spmatrix_40 FAILED                         [ 86%]
pytest_spmatrix_priv.py::test_spmatrix_41 FAILED                         [ 89%]
pytest_spmatrix_priv.py::test_spmatrix_42 FAILED                         [ 91%]
pytest_spmatrix_priv.py::test_spmatrix_43 FAILED                         [ 93%]
pytest_spmatrix_priv.py::test_spmatrix_44 FAILED                         [ 95%]
pytest_spmatrix_priv.py::test_spmatrix_45 FAILED                         [ 97%]
pytest_spmatrix_priv.py::test_spmatrix_46 FAILED                         [100%]

=================================== FAILURES ===================================
/home/dtsd/DTSD/pytest_spmatrix_priv.py:16: assert True is False
/home/dtsd/DTSD/pytest_spmatrix_priv.py:28: assert True is False
/home/dtsd/DTSD/pytest_spmatrix_priv.py:32: assert True is False
/home/dtsd/DTSD/pytest_spmatrix_priv.py:36: assert True is False
/home/dtsd/DTSD/pytest_spmatrix_priv.py:40: assert True is False
/home/dtsd/DTSD/pytest_spmatrix_priv.py:44: AssertionError: assert True is False
/home/dtsd/DTSD/pytest_spmatrix_priv.py:48: assert True is False
/home/dtsd/DTSD/pytest_spmatrix_priv.py:52: assert True is False
/home/dtsd/DTSD/pytest_spmatrix_priv.py:56: assert True is False
/home/dtsd/DTSD/pytest_spmatrix_priv.py:60: AssertionError: assert True is False
/home/dtsd/DTSD/dIoTspmatrix_52631/spmatrix.py:84: TypeError: float() argument must be a string or a number, not 'tuple'
/home/dtsd/DTSD/dIoTspmatrix_52631/spmatrix.py:84: TypeError: float() argument must be a string or a number, not 'list'
/home/dtsd/DTSD/pytest_spmatrix_priv.py:150: assert ((10000000, 1...00, 10000000)) == ()
/home/dtsd/DTSD/dIoTspmatrix_52631/spmatrix.py:115: TypeError: '>' not supported between instances of 'str' and 'int'
/home/dtsd/DTSD/pytest_spmatrix_priv.py:184: assert -2.00000040000008e-14 == (99999999999998.0 / 100000000000000.0)
/home/dtsd/DTSD/dIoTspmatrix_52631/spmatrix.py:115: TypeError: '>' not supported between instances of 'str' and 'int'
/home/dtsd/DTSD/pytest_spmatrix_priv.py:199: assert 10000000 == 1
/home/dtsd/DTSD/pytest_spmatrix_priv.py:209: assert 0.08333333333333333 == ((24 - 2) / 24.0)
/home/dtsd/DTSD/pytest_spmatrix_priv.py:231: AssertionError: assert None == '2.50 0.00 0.00\n0.00 0.00 5.20'
/home/dtsd/DTSD/pytest_spmatrix_priv.py:238: AssertionError: assert None == '2.50 0.00 0.00\n0.00 0.00 5.20'
/home/dtsd/DTSD/pytest_spmatrix_priv.py:245: AssertionError: assert None == '2.500 0.000 0.000\n0.000 0.000 5.200'
/home/dtsd/DTSD/pytest_spmatrix_priv.py:250: AssertionError: assert None is not None
/home/dtsd/DTSD/dIoTspmatrix_52631/spmatrix.py:69: TypeError: 'NoneType' object is not subscriptable
/home/dtsd/DTSD/dIoTspmatrix_52631/spmatrix.py:69: TypeError: 'NoneType' object is not subscriptable
/home/dtsd/DTSD/dIoTspmatrix_52631/spmatrix.py:69: TypeError: 'NoneType' object is not subscriptable
/home/dtsd/DTSD/pytest_spmatrix_priv.py:296: assert None
/home/dtsd/DTSD/pytest_spmatrix_priv.py:303: AssertionError: assert None is not None
/home/dtsd/DTSD/pytest_spmatrix_priv.py:322: assert 0.009611766854524098 == (((1001 * 1001) - 9631) / (1001 * 1001))
============================== slowest durations ===============================

(138 durations < 1s hidden.  Use -vv to show these durations.)
======================== 28 failed, 18 passed in 0.04s =========================
