============================= test session starts ==============================
collecting ... collected 0 items / 1 error

==================================== ERRORS ====================================
___________________ ERROR collecting pytest_spmatrix_pub.py ____________________
ImportError while importing test module '/home/dtsd/DTSD/pytest_spmatrix_pub.py'.
Hint: make sure your test modules/packages have valid Python names.
Traceback:
/usr/lib/python3.9/importlib/__init__.py:127: in import_module
    return _bootstrap._gcd_import(name[level:], package, level)
pytest_spmatrix_pub.py:4: in <module>
    from spmatrix import *
dIoTspmatrix_52631/spmatrix.py:1: in <module>
    from asyncio.windows_events import NULL
/usr/lib/python3.9/asyncio/windows_events.py:3: in <module>
    import _overlapped
E   ModuleNotFoundError: No module named '_overlapped'
!!!!!!!!!!!!!!!!!!!! Interrupted: 1 error during collection !!!!!!!!!!!!!!!!!!!!
=============================== 1 error in 0.04s ===============================
